<?xml version="1.0" encoding="UTF-8"?>
<testng-results skipped="0" failed="1" total="4" passed="3">
  <reporter-output>
  </reporter-output>
  <suite name="Spoon Selenium Grid" duration-ms="447798" started-at="2015-07-22T05:44:16Z" finished-at="2015-07-22T05:51:44Z">
    <groups>
    </groups>
    <test name="Sanity1" duration-ms="51599" started-at="2015-07-22T05:44:16Z" finished-at="2015-07-22T05:45:08Z">
      <class name="com.spoon.selenium.grid.SpoonGridClass">
        <test-method status="PASS" signature="spoonTest(java.lang.String)[pri:0, instance:com.spoon.selenium.grid.SpoonGridClass@33e5ccce]" name="spoonTest" duration-ms="51554" started-at="2015-07-22T00:44:16Z" finished-at="2015-07-22T00:45:08Z">
          <params>
            <param index="0">
              <value>
                <![CDATA[firefox]]>
              </value>
            </param>
          </params>
          <reporter-output>
          </reporter-output>
        </test-method> <!-- spoonTest -->
      </class> <!-- com.spoon.selenium.grid.SpoonGridClass -->
    </test> <!-- Sanity1 -->
    <test name="Sanity2" duration-ms="349291" started-at="2015-07-22T05:45:08Z" finished-at="2015-07-22T05:50:57Z">
      <class name="com.spoon.selenium.grid.SpoonGridClass">
        <test-method status="FAIL" signature="spoonTest(java.lang.String)[pri:0, instance:com.spoon.selenium.grid.SpoonGridClass@64c64813]" name="spoonTest" duration-ms="349267" started-at="2015-07-22T00:45:08Z" finished-at="2015-07-22T00:50:57Z">
          <params>
            <param index="0">
              <value>
                <![CDATA[ie]]>
              </value>
            </param>
          </params>
          <exception class="org.openqa.selenium.WebDriverException">
            <message>
              <![CDATA[Error forwarding the new session cannot find : Capabilities [{ensureCleanSession=true, ie.ensureCleanSession=true, ie.browserCommandLineSwitches=-private, ie.forceCreateProcessApi=true, browserName=ie, version=10, platform=WINDOWS}]
Command duration or timeout: 349.24 seconds
Build info: version: '2.45.0', revision: '5017cb8', time: '2015-02-26 23:59:50'
System info: host: 'Rehaan-PC', ip: '192.168.119.1', os.name: 'Windows 7', os.arch: 'amd64', os.version: '6.1', java.version: '1.8.0_51'
Driver info: org.openqa.selenium.remote.RemoteWebDriver]]>
            </message>
            <full-stacktrace>
              <![CDATA[org.openqa.selenium.WebDriverException: Error forwarding the new session cannot find : Capabilities [{ensureCleanSession=true, ie.ensureCleanSession=true, ie.browserCommandLineSwitches=-private, ie.forceCreateProcessApi=true, browserName=ie, version=10, platform=WINDOWS}]
Command duration or timeout: 349.24 seconds
Build info: version: '2.45.0', revision: '5017cb8', time: '2015-02-26 23:59:50'
System info: host: 'Rehaan-PC', ip: '192.168.119.1', os.name: 'Windows 7', os.arch: 'amd64', os.version: '6.1', java.version: '1.8.0_51'
Driver info: org.openqa.selenium.remote.RemoteWebDriver
	at sun.reflect.NativeConstructorAccessorImpl.newInstance0(Native Method)
	at sun.reflect.NativeConstructorAccessorImpl.newInstance(Unknown Source)
	at sun.reflect.DelegatingConstructorAccessorImpl.newInstance(Unknown Source)
	at java.lang.reflect.Constructor.newInstance(Unknown Source)
	at org.openqa.selenium.remote.ErrorHandler.createThrowable(ErrorHandler.java:204)
	at org.openqa.selenium.remote.ErrorHandler.throwIfResponseFailed(ErrorHandler.java:156)
	at org.openqa.selenium.remote.RemoteWebDriver.execute(RemoteWebDriver.java:599)
	at org.openqa.selenium.remote.RemoteWebDriver.startSession(RemoteWebDriver.java:240)
	at org.openqa.selenium.remote.RemoteWebDriver.<init>(RemoteWebDriver.java:126)
	at org.openqa.selenium.remote.RemoteWebDriver.<init>(RemoteWebDriver.java:153)
	at com.spoon.selenium.grid.SpoonGridClass.spoonTest(SpoonGridClass.java:49)
	at sun.reflect.NativeMethodAccessorImpl.invoke0(Native Method)
	at sun.reflect.NativeMethodAccessorImpl.invoke(Unknown Source)
	at sun.reflect.DelegatingMethodAccessorImpl.invoke(Unknown Source)
	at java.lang.reflect.Method.invoke(Unknown Source)
	at org.testng.internal.MethodInvocationHelper.invokeMethod(MethodInvocationHelper.java:84)
	at org.testng.internal.Invoker.invokeMethod(Invoker.java:714)
	at org.testng.internal.Invoker.invokeTestMethod(Invoker.java:901)
	at org.testng.internal.Invoker.invokeTestMethods(Invoker.java:1231)
	at org.testng.internal.TestMethodWorker.invokeTestMethods(TestMethodWorker.java:127)
	at org.testng.internal.TestMethodWorker.run(TestMethodWorker.java:111)
	at java.util.concurrent.ThreadPoolExecutor.runWorker(Unknown Source)
	at java.util.concurrent.ThreadPoolExecutor$Worker.run(Unknown Source)
	at java.lang.Thread.run(Unknown Source)
Caused by: org.openqa.grid.common.exception.GridException: Error forwarding the new session cannot find : Capabilities [{ensureCleanSession=true, ie.ensureCleanSession=true, ie.browserCommandLineSwitches=-private, ie.forceCreateProcessApi=true, browserName=ie, version=10, platform=WINDOWS}]
	at org.openqa.grid.web.servlet.handler.RequestHandler.process(RequestHandler.java:114)
	at org.openqa.grid.web.servlet.DriverServlet.process(DriverServlet.java:83)
	at org.openqa.grid.web.servlet.DriverServlet.doPost(DriverServlet.java:67)
	at javax.servlet.http.HttpServlet.service(HttpServlet.java:727)
	at javax.servlet.http.HttpServlet.service(HttpServlet.java:820)
	at org.seleniumhq.jetty7.servlet.ServletHolder.handle(ServletHolder.java:565)
	at org.seleniumhq.jetty7.servlet.ServletHandler.doHandle(ServletHandler.java:479)
	at org.seleniumhq.jetty7.server.session.SessionHandler.doHandle(SessionHandler.java:225)
	at org.seleniumhq.jetty7.server.handler.ContextHandler.doHandle(ContextHandler.java:1031)
	at org.seleniumhq.jetty7.servlet.ServletHandler.doScope(ServletHandler.java:406)
	at org.seleniumhq.jetty7.server.session.SessionHandler.doScope(SessionHandler.java:186)
	at org.seleniumhq.jetty7.server.handler.ContextHandler.doScope(ContextHandler.java:965)
	at org.seleniumhq.jetty7.server.handler.ScopedHandler.handle(ScopedHandler.java:117)
	at org.seleniumhq.jetty7.server.handler.HandlerWrapper.handle(HandlerWrapper.java:111)
	at org.seleniumhq.jetty7.server.Server.handle(Server.java:349)
	at org.seleniumhq.jetty7.server.AbstractHttpConnection.handleRequest(AbstractHttpConnection.java:452)
	at org.seleniumhq.jetty7.server.BlockingHttpConnection.handleRequest(BlockingHttpConnection.java:47)
	at org.seleniumhq.jetty7.server.AbstractHttpConnection.content(AbstractHttpConnection.java:894)
	at org.seleniumhq.jetty7.server.AbstractHttpConnection$RequestHandler.content(AbstractHttpConnection.java:948)
	at org.seleniumhq.jetty7.http.HttpParser.parseNext(HttpParser.java:857)
	at org.seleniumhq.jetty7.http.HttpParser.parseAvailable(HttpParser.java:235)
	at org.seleniumhq.jetty7.server.BlockingHttpConnection.handle(BlockingHttpConnection.java:66)
	at org.seleniumhq.jetty7.server.bio.SocketConnector$ConnectorEndPoint.run(SocketConnector.java:254)
	at org.seleniumhq.jetty7.util.thread.QueuedThreadPool.runJob(QueuedThreadPool.java:599)
	at org.seleniumhq.jetty7.util.thread.QueuedThreadPool$3.run(QueuedThreadPool.java:534)
	... 1 more
]]>
            </full-stacktrace>
          </exception> <!-- org.openqa.selenium.WebDriverException -->
          <reporter-output>
          </reporter-output>
        </test-method> <!-- spoonTest -->
      </class> <!-- com.spoon.selenium.grid.SpoonGridClass -->
    </test> <!-- Sanity2 -->
    <test name="Sanity3" duration-ms="30484" started-at="2015-07-22T05:50:57Z" finished-at="2015-07-22T05:51:28Z">
      <class name="com.spoon.selenium.grid.SpoonGridClass">
        <test-method status="PASS" signature="spoonTest(java.lang.String)[pri:0, instance:com.spoon.selenium.grid.SpoonGridClass@7a92922]" name="spoonTest" duration-ms="30474" started-at="2015-07-22T00:50:57Z" finished-at="2015-07-22T00:51:28Z">
          <params>
            <param index="0">
              <value>
                <![CDATA[chrome]]>
              </value>
            </param>
          </params>
          <reporter-output>
          </reporter-output>
        </test-method> <!-- spoonTest -->
      </class> <!-- com.spoon.selenium.grid.SpoonGridClass -->
    </test> <!-- Sanity3 -->
    <test name="Sanity4" duration-ms="16325" started-at="2015-07-22T05:51:28Z" finished-at="2015-07-22T05:51:44Z">
      <class name="com.spoon.selenium.grid.SpoonGridClass">
        <test-method status="PASS" signature="spoonTest(java.lang.String)[pri:0, instance:com.spoon.selenium.grid.SpoonGridClass@66048bfd]" name="spoonTest" duration-ms="16321" started-at="2015-07-22T00:51:28Z" finished-at="2015-07-22T00:51:44Z">
          <params>
            <param index="0">
              <value>
                <![CDATA[firefox]]>
              </value>
            </param>
          </params>
          <reporter-output>
          </reporter-output>
        </test-method> <!-- spoonTest -->
      </class> <!-- com.spoon.selenium.grid.SpoonGridClass -->
    </test> <!-- Sanity4 -->
  </suite> <!-- Spoon Selenium Grid -->
</testng-results>
